<?xml version="1.0" encoding="UTF-8"?>
<!-- Generated by org.testng.reporters.JUnitXMLReporter -->
<testsuite ignored="0" hostname="DESKTOP-5HO9OTC" failures="0" tests="4" name="Test" time="9.805" errors="0" timestamp="2023-02-11T22:19:38 BDT">
  <testcase classname="access.LoginClass" name="@BeforeMethod Setup" time="9.73">
    <failure type="org.openqa.selenium.WebDriverException" message="unknown error: net::ERR_CONNECTION_REFUSED
  (Session info: chrome=109.0.5414.120)
Build info: version: &amp;apos;4.4.0&amp;apos;, revision: &amp;apos;e5c75ed026a&amp;apos;
System info: host: &amp;apos;DESKTOP-5HO9OTC&amp;apos;, ip: &amp;apos;192.168.1.107&amp;apos;, os.name: &amp;apos;Windows 10&amp;apos;, os.arch: &amp;apos;amd64&amp;apos;, os.version: &amp;apos;10.0&amp;apos;, java.version: &amp;apos;17.0.5&amp;apos;
Driver info: org.openqa.selenium.chrome.ChromeDriver
Command: [ff449f6f0c6073fe92276f6ad8b198b4, get {url=http://localhost/orangehrm-5.3/web/index.php/auth/login}]
Capabilities {acceptInsecureCerts: false, browserName: chrome, browserVersion: 109.0.5414.120, chrome: {chromedriverVersion: 109.0.5414.74 (e7c5703604da..., userDataDir: C:\Users\MSA\AppData\Local\...}, goog:chromeOptions: {debuggerAddress: localhost:64256}, networkConnectionEnabled: false, pageLoadStrategy: normal, platformName: WINDOWS, proxy: Proxy(), se:cdp: ws://localhost:64256/devtoo..., se:cdpVersion: 109.0.5414.120, setWindowRect: true, strictFileInteractability: false, timeouts: {implicit: 0, pageLoad: 300000, script: 30000}, unhandledPromptBehavior: dismiss and notify, webauthn:extension:credBlob: true, webauthn:extension:largeBlob: true, webauthn:virtualAuthenticators: true}
Session ID: ff449f6f0c6073fe92276f6ad8b198b4">
      <![CDATA[org.openqa.selenium.WebDriverException: unknown error: net::ERR_CONNECTION_REFUSED
  (Session info: chrome=109.0.5414.120)
Build info: version: '4.4.0', revision: 'e5c75ed026a'
System info: host: 'DESKTOP-5HO9OTC', ip: '192.168.1.107', os.name: 'Windows 10', os.arch: 'amd64', os.version: '10.0', java.version: '17.0.5'
Driver info: org.openqa.selenium.chrome.ChromeDriver
Command: [ff449f6f0c6073fe92276f6ad8b198b4, get {url=http://localhost/orangehrm-5.3/web/index.php/auth/login}]
Capabilities {acceptInsecureCerts: false, browserName: chrome, browserVersion: 109.0.5414.120, chrome: {chromedriverVersion: 109.0.5414.74 (e7c5703604da..., userDataDir: C:\Users\MSA\AppData\Local\...}, goog:chromeOptions: {debuggerAddress: localhost:64256}, networkConnectionEnabled: false, pageLoadStrategy: normal, platformName: WINDOWS, proxy: Proxy(), se:cdp: ws://localhost:64256/devtoo..., se:cdpVersion: 109.0.5414.120, setWindowRect: true, strictFileInteractability: false, timeouts: {implicit: 0, pageLoad: 300000, script: 30000}, unhandledPromptBehavior: dismiss and notify, webauthn:extension:credBlob: true, webauthn:extension:largeBlob: true, webauthn:virtualAuthenticators: true}
Session ID: ff449f6f0c6073fe92276f6ad8b198b4
at org.openqa.selenium.remote.codec.w3c.W3CHttpResponseCodec.createException(W3CHttpResponseCodec.java:200)
at org.openqa.selenium.remote.codec.w3c.W3CHttpResponseCodec.decode(W3CHttpResponseCodec.java:133)
at org.openqa.selenium.remote.codec.w3c.W3CHttpResponseCodec.decode(W3CHttpResponseCodec.java:53)
at org.openqa.selenium.remote.HttpCommandExecutor.execute(HttpCommandExecutor.java:184)
at org.openqa.selenium.remote.service.DriverCommandExecutor.invokeExecute(DriverCommandExecutor.java:167)
at org.openqa.selenium.remote.service.DriverCommandExecutor.execute(DriverCommandExecutor.java:142)
at org.openqa.selenium.remote.RemoteWebDriver.execute(RemoteWebDriver.java:547)
at org.openqa.selenium.remote.RemoteWebDriver.get(RemoteWebDriver.java:310)
at access.LoginClass.Setup(LoginClass.java:18)
at java.base/java.util.ArrayList.forEach(ArrayList.java:1511)
... Removed 36 stack frames]]>
    </failure>
  </testcase> <!-- @BeforeMethod Setup -->
  <testcase classname="access.LoginClass" name="@AfterMethod tearDown" time="-1.676132378505E9">
    <skipped/>
  </testcase> <!-- @AfterMethod tearDown -->
  <testcase classname="access.LoginClass" name="@BeforeMethod Setup" time="-1.676132378507E9">
    <skipped/>
  </testcase> <!-- @BeforeMethod Setup -->
  <testcase classname="access.LoginClass" name="@AfterMethod tearDown" time="-1.676132378513E9">
    <skipped/>
  </testcase> <!-- @AfterMethod tearDown -->
  <testcase classname="access.LoginClass" name="@BeforeMethod Setup" time="-1.676132378515E9">
    <skipped/>
  </testcase> <!-- @BeforeMethod Setup -->
  <testcase classname="access.LoginClass" name="@AfterMethod tearDown" time="-1.67613237852E9">
    <skipped/>
  </testcase> <!-- @AfterMethod tearDown -->
  <testcase classname="access.LoginClass" name="@BeforeMethod Setup" time="-1.676132378524E9">
    <skipped/>
  </testcase> <!-- @BeforeMethod Setup -->
  <testcase classname="access.LoginClass" name="@AfterMethod tearDown" time="-1.676132378529E9">
    <skipped/>
  </testcase> <!-- @AfterMethod tearDown -->
  <testcase classname="login.test.LoginPageTest" name="verifyInvalidLogin" time="0.0">
    <skipped/>
  </testcase> <!-- verifyInvalidLogin -->
  <testcase classname="login.test.LoginPageTest" name="verifyInvalidLogin" time="0.0">
    <skipped/>
  </testcase> <!-- verifyInvalidLogin -->
  <testcase classname="login.test.LoginPageTest" name="verifyInvalidLogin" time="0.0">
    <skipped/>
  </testcase> <!-- verifyInvalidLogin -->
  <testcase classname="login.test.LoginPageTest" name="verifyValidLogin" time="0.0">
    <skipped/>
  </testcase> <!-- verifyValidLogin -->
</testsuite> <!-- Test -->
